<?xml version="1.0" encoding="UTF-8"?>
<testsuite xmlns:xsi="http://www.w3.org/2001/XMLSchema-instance" xsi:noNamespaceSchemaLocation="https://maven.apache.org/surefire/maven-surefire-plugin/xsd/surefire-test-report.xsd" name="cucumber.Options.TestrunnerClass" time="12.229" tests="3" errors="0" skipped="0" failures="0">
  <properties>
[...]
</properties>
  <testcase name="Verify the ADDplaceAPIis working fine" classname="Validate the Google API&apos;s" time="7.737"/>
  <testcase name="Verify if DeleteAPI is working fine" classname="Validate the Google API&apos;s" time="1.086"/>
  <testcase name="Verify if UpdatePlaceAPI is working fine" classname="Validate the Google API&apos;s" time="1.221"/>
</testsuite>